[debug] [2021-03-01T18:03:07.435Z] ----------------------------------------------------------------------
[debug] [2021-03-01T18:03:07.439Z] Command:       C:\Program Files\nodejs\node.exe C:\Users\33695\AppData\Roaming\npm\node_modules\firebase-tools\lib\bin\firebase.js emulators:start --only functions
[debug] [2021-03-01T18:03:07.439Z] CLI Version:   9.4.0
[debug] [2021-03-01T18:03:07.439Z] Platform:      win32
[debug] [2021-03-01T18:03:07.439Z] Node Version:  v10.16.0
[debug] [2021-03-01T18:03:07.443Z] Time:          Mon Mar 01 2021 19:03:07 GMT+0100 (GMT+01:00)
[debug] [2021-03-01T18:03:07.443Z] ----------------------------------------------------------------------
[debug] [2021-03-01T18:03:07.443Z] 
[debug] [2021-03-01T18:03:07.451Z] >>> [apiv2][query] GET https://firebase-public.firebaseio.com/cli.json [none]
[debug] [2021-03-01T18:03:07.519Z] > command requires scopes: ["email","openid","https://www.googleapis.com/auth/cloudplatformprojects.readonly","https://www.googleapis.com/auth/firebase","https://www.googleapis.com/auth/cloud-platform"]
[debug] [2021-03-01T18:03:07.523Z] > authorizing via signed-in user
[info] i  emulators: Starting emulators: functions {"metadata":{"emulator":{"name":"hub"},"message":"Starting emulators: functions"}}
[debug] [2021-03-01T18:03:08.083Z] <<< [apiv2][status] GET https://firebase-public.firebaseio.com/cli.json 200
[debug] [2021-03-01T18:03:08.083Z] <<< [apiv2][body] GET https://firebase-public.firebaseio.com/cli.json {"cloudBuildErrorAfter":1594252800000,"cloudBuildWarnAfter":1590019200000,"defaultNode10After":1594252800000,"minVersion":"3.0.5","node8DeploysDisabledAfter":1613390400000,"node8RuntimeDisabledAfter":1615809600000,"node8WarnAfter":1600128000000}
[debug] [2021-03-01T18:03:09.600Z] [hub] writing locator at C:\Users\33695\AppData\Local\Temp\hub-testprojet-332ec.json
[warn] !  functions: The following emulators are not running, calls to these services from the Functions emulator will affect production: auth, firestore, database, hosting, pubsub {"metadata":{"emulator":{"name":"functions"},"message":"The following emulators are not running, calls to these services from the Functions emulator will affect production: \u001b[1mauth, firestore, database, hosting, pubsub\u001b[22m"}}
[warn] !  Your requested "node" version "12" doesn't match your global version "10" {"metadata":{"emulator":{"name":"functions"},"message":"Your requested \"node\" version \"12\" doesn't match your global version \"10\""}}
[debug] [2021-03-01T18:03:11.680Z] defaultcredentials: writing to file C:\Users\33695\AppData\Roaming\firebase\nicolas_alarcon14_gmail.com_application_default_credentials.json
[debug] [2021-03-01T18:03:11.688Z] Setting GAC to C:\Users\33695\AppData\Roaming\firebase\nicolas_alarcon14_gmail.com_application_default_credentials.json {"metadata":{"emulator":{"name":"functions"},"message":"Setting GAC to C:\\Users\\33695\\AppData\\Roaming\\firebase\\nicolas_alarcon14_gmail.com_application_default_credentials.json"}}
[debug] [2021-03-01T18:03:11.692Z] > refreshing access token with scopes: []
[debug] [2021-03-01T18:03:11.696Z] >>> HTTP REQUEST POST https://www.googleapis.com/oauth2/v3/token  
 <request body omitted>
[debug] [2021-03-01T18:03:12.053Z] <<< HTTP RESPONSE 200 {"cache-control":"no-cache, no-store, max-age=0, must-revalidate","date":"Mon, 01 Mar 2021 18:03:11 GMT","expires":"Mon, 01 Jan 1990 00:00:00 GMT","pragma":"no-cache","content-type":"application/json; charset=utf-8","vary":"X-Origin, Referer, Origin,Accept-Encoding","server":"scaffolding on HTTPServer2","x-xss-protection":"0","x-frame-options":"SAMEORIGIN","x-content-type-options":"nosniff","alt-svc":"h3-29=\":443\"; ma=2592000,h3-T051=\":443\"; ma=2592000,h3-Q050=\":443\"; ma=2592000,h3-Q046=\":443\"; ma=2592000,h3-Q043=\":443\"; ma=2592000,quic=\":443\"; ma=2592000; v=\"46,43\"","accept-ranges":"none","transfer-encoding":"chunked"}
[debug] [2021-03-01T18:03:12.071Z] >>> [apiv2][query] GET https://firebase.googleapis.com/v1beta1/projects/testprojet-332ec/adminSdkConfig [none]
[debug] [2021-03-01T18:03:12.609Z] <<< [apiv2][status] GET https://firebase.googleapis.com/v1beta1/projects/testprojet-332ec/adminSdkConfig 200
[debug] [2021-03-01T18:03:12.609Z] <<< [apiv2][body] GET https://firebase.googleapis.com/v1beta1/projects/testprojet-332ec/adminSdkConfig {"projectId":"testprojet-332ec","databaseURL":"https://testprojet-332ec-default-rtdb.firebaseio.com","storageBucket":"testprojet-332ec.appspot.com"}
[info] i  ui: downloading ui-v1.4.1.zip... {"metadata":{"emulator":{"name":"ui"},"message":"downloading ui-v1.4.1.zip..."}}
[debug] [2021-03-01T18:03:16.721Z] >>> [apiv2][query] GET https://storage.googleapis.com/firebase-preview-drop/emulator/ui-v1.4.1.zip [none]
[debug] [2021-03-01T18:03:17.037Z] <<< [apiv2][status] GET https://storage.googleapis.com/firebase-preview-drop/emulator/ui-v1.4.1.zip 200
[debug] [2021-03-01T18:03:17.037Z] <<< [apiv2][body] GET https://storage.googleapis.com/firebase-preview-drop/emulator/ui-v1.4.1.zip [stream]
[debug] [2021-03-01T18:03:22.001Z] Ignoring unsupported arg: auto_download {"metadata":{"emulator":{"name":"ui"},"message":"Ignoring unsupported arg: auto_download"}}
[debug] [2021-03-01T18:03:22.001Z] Ignoring unsupported arg: port {"metadata":{"emulator":{"name":"ui"},"message":"Ignoring unsupported arg: port"}}
[debug] [2021-03-01T18:03:22.001Z] Starting Emulator UI with command {"binary":"node","args":["C:\\Users\\33695\\.cache\\firebase\\emulators\\ui-v1.4.1\\server.bundle.js"],"optionalArgs":[],"joinArgs":false} {"metadata":{"emulator":{"name":"ui"},"message":"Starting Emulator UI with command {\"binary\":\"node\",\"args\":[\"C:\\\\Users\\\\33695\\\\.cache\\\\firebase\\\\emulators\\\\ui-v1.4.1\\\\server.bundle.js\"],\"optionalArgs\":[],\"joinArgs\":false}"}}
[info] i  ui: Emulator UI logging to ui-debug.log {"metadata":{"emulator":{"name":"ui"},"message":"Emulator UI logging to \u001b[1mui-debug.log\u001b[22m"}}
[debug] [2021-03-01T18:03:22.506Z] Web / API server started at http://localhost:4000
 {"metadata":{"emulator":{"name":"ui"},"message":"Web / API server started at http://localhost:4000\n"}}
[info] i  functions: Watching "c:\Users\33695\Desktop\PFAPP\Boilerplate-ExpoFirebase\functions" for Cloud Functions... {"metadata":{"emulator":{"name":"functions"},"message":"Watching \"c:\\Users\\33695\\Desktop\\PFAPP\\Boilerplate-ExpoFirebase\\functions\" for Cloud Functions..."}}
[debug] [2021-03-01T18:03:22.586Z] [worker-pool] addWorker(~diagnostic~) {"metadata":{"emulator":{"name":"functions"},"message":"[worker-pool] addWorker(~diagnostic~)"}}
[debug] [2021-03-01T18:03:22.586Z] [worker-pool] Adding worker with key ~diagnostic~, total=1 {"metadata":{"emulator":{"name":"functions"},"message":"[worker-pool] Adding worker with key ~diagnostic~, total=1"}}
[debug] [2021-03-01T18:03:22.586Z] [worker-pool] submitWork(triggerId=) {"metadata":{"emulator":{"name":"functions"},"message":"[worker-pool] submitWork(triggerId=)"}}
[debug] [2021-03-01T18:03:22.586Z] [worker-~diagnostic~-d51631d2-2b73-4e36-9029-4927aebb9989]: Assigning socketPath: \\?\pipe\c:\Users\33695\Desktop\PFAPP\Boilerplate-ExpoFirebase\functions\37252 {"metadata":{"emulator":{"name":"functions"},"message":"[worker-~diagnostic~-d51631d2-2b73-4e36-9029-4927aebb9989]: Assigning socketPath: \\\\?\\pipe\\c:\\Users\\33695\\Desktop\\PFAPP\\Boilerplate-ExpoFirebase\\functions\\37252"}}
[debug] [2021-03-01T18:03:22.586Z] [worker-~diagnostic~-d51631d2-2b73-4e36-9029-4927aebb9989]: BUSY {"metadata":{"emulator":{"name":"functions"},"message":"[worker-~diagnostic~-d51631d2-2b73-4e36-9029-4927aebb9989]: BUSY"}}
[debug] [2021-03-01T18:03:23.390Z] [runtime-status] [37252] Functions runtime initialized. {"cwd":"c:\\Users\\33695\\Desktop\\PFAPP\\Boilerplate-ExpoFirebase\\functions","node_version":"10.16.0"} {"metadata":{"emulator":{"name":"functions"},"message":"[runtime-status] [37252] Functions runtime initialized. {\"cwd\":\"c:\\\\Users\\\\33695\\\\Desktop\\\\PFAPP\\\\Boilerplate-ExpoFirebase\\\\functions\",\"node_version\":\"10.16.0\"}"}}
[debug] [2021-03-01T18:03:23.394Z] [runtime-status] [37252] Disabled runtime features: undefined {"metadata":{"emulator":{"name":"functions"},"message":"[runtime-status] [37252] Disabled runtime features: undefined"}}
[debug] [2021-03-01T18:03:23.410Z] [runtime-status] [37252] Resolved module firebase-admin {"declared":true,"installed":true,"version":"9.5.0","resolution":"c:\\Users\\33695\\Desktop\\PFAPP\\Boilerplate-ExpoFirebase\\functions\\node_modules\\firebase-admin\\lib\\index.js"} {"metadata":{"emulator":{"name":"functions"},"message":"[runtime-status] [37252] Resolved module firebase-admin {\"declared\":true,\"installed\":true,\"version\":\"9.5.0\",\"resolution\":\"c:\\\\Users\\\\33695\\\\Desktop\\\\PFAPP\\\\Boilerplate-ExpoFirebase\\\\functions\\\\node_modules\\\\firebase-admin\\\\lib\\\\index.js\"}"}}
[debug] [2021-03-01T18:03:23.414Z] [runtime-status] [37252] Resolved module firebase-functions {"declared":true,"installed":true,"version":"3.13.1","resolution":"c:\\Users\\33695\\Desktop\\PFAPP\\Boilerplate-ExpoFirebase\\functions\\node_modules\\firebase-functions\\lib\\index.js"} {"metadata":{"emulator":{"name":"functions"},"message":"[runtime-status] [37252] Resolved module firebase-functions {\"declared\":true,\"installed\":true,\"version\":\"3.13.1\",\"resolution\":\"c:\\\\Users\\\\33695\\\\Desktop\\\\PFAPP\\\\Boilerplate-ExpoFirebase\\\\functions\\\\node_modules\\\\firebase-functions\\\\lib\\\\index.js\"}"}}
[debug] [2021-03-01T18:03:23.418Z] [runtime-status] [37252] Resolved module firebase-functions {"declared":true,"installed":true,"version":"3.13.1","resolution":"c:\\Users\\33695\\Desktop\\PFAPP\\Boilerplate-ExpoFirebase\\functions\\node_modules\\firebase-functions\\lib\\index.js"} {"metadata":{"emulator":{"name":"functions"},"message":"[runtime-status] [37252] Resolved module firebase-functions {\"declared\":true,\"installed\":true,\"version\":\"3.13.1\",\"resolution\":\"c:\\\\Users\\\\33695\\\\Desktop\\\\PFAPP\\\\Boilerplate-ExpoFirebase\\\\functions\\\\node_modules\\\\firebase-functions\\\\lib\\\\index.js\"}"}}
[debug] [2021-03-01T18:03:23.434Z] [runtime-status] [37252] Outgoing network have been stubbed. [{"name":"http","status":"mocked"},{"name":"http","status":"mocked"},{"name":"https","status":"mocked"},{"name":"https","status":"mocked"},{"name":"net","status":"mocked"}] {"metadata":{"emulator":{"name":"functions"},"message":"[runtime-status] [37252] Outgoing network have been stubbed. [{\"name\":\"http\",\"status\":\"mocked\"},{\"name\":\"http\",\"status\":\"mocked\"},{\"name\":\"https\",\"status\":\"mocked\"},{\"name\":\"https\",\"status\":\"mocked\"},{\"name\":\"net\",\"status\":\"mocked\"}]"}}
[debug] [2021-03-01T18:03:23.438Z] [runtime-status] [37252] Resolved module firebase-functions {"declared":true,"installed":true,"version":"3.13.1","resolution":"c:\\Users\\33695\\Desktop\\PFAPP\\Boilerplate-ExpoFirebase\\functions\\node_modules\\firebase-functions\\lib\\index.js"} {"metadata":{"emulator":{"name":"functions"},"message":"[runtime-status] [37252] Resolved module firebase-functions {\"declared\":true,\"installed\":true,\"version\":\"3.13.1\",\"resolution\":\"c:\\\\Users\\\\33695\\\\Desktop\\\\PFAPP\\\\Boilerplate-ExpoFirebase\\\\functions\\\\node_modules\\\\firebase-functions\\\\lib\\\\index.js\"}"}}
[debug] [2021-03-01T18:03:23.674Z] [runtime-status] [37252] Checked functions.config() {"config":{}} {"metadata":{"emulator":{"name":"functions"},"message":"[runtime-status] [37252] Checked functions.config() {\"config\":{}}"}}
[debug] [2021-03-01T18:03:23.674Z] [runtime-status] [37252] firebase-functions has been stubbed. {"functionsResolution":{"declared":true,"installed":true,"version":"3.13.1","resolution":"c:\\Users\\33695\\Desktop\\PFAPP\\Boilerplate-ExpoFirebase\\functions\\node_modules\\firebase-functions\\lib\\index.js"}} {"metadata":{"emulator":{"name":"functions"},"message":"[runtime-status] [37252] firebase-functions has been stubbed. {\"functionsResolution\":{\"declared\":true,\"installed\":true,\"version\":\"3.13.1\",\"resolution\":\"c:\\\\Users\\\\33695\\\\Desktop\\\\PFAPP\\\\Boilerplate-ExpoFirebase\\\\functions\\\\node_modules\\\\firebase-functions\\\\lib\\\\index.js\"}}"}}
[debug] [2021-03-01T18:03:23.678Z] [runtime-status] [37252] Resolved module firebase-functions {"declared":true,"installed":true,"version":"3.13.1","resolution":"c:\\Users\\33695\\Desktop\\PFAPP\\Boilerplate-ExpoFirebase\\functions\\node_modules\\firebase-functions\\lib\\index.js"} {"metadata":{"emulator":{"name":"functions"},"message":"[runtime-status] [37252] Resolved module firebase-functions {\"declared\":true,\"installed\":true,\"version\":\"3.13.1\",\"resolution\":\"c:\\\\Users\\\\33695\\\\Desktop\\\\PFAPP\\\\Boilerplate-ExpoFirebase\\\\functions\\\\node_modules\\\\firebase-functions\\\\lib\\\\index.js\"}"}}
[debug] [2021-03-01T18:03:23.682Z] [runtime-status] [37252] Resolved module firebase-admin {"declared":true,"installed":true,"version":"9.5.0","resolution":"c:\\Users\\33695\\Desktop\\PFAPP\\Boilerplate-ExpoFirebase\\functions\\node_modules\\firebase-admin\\lib\\index.js"} {"metadata":{"emulator":{"name":"functions"},"message":"[runtime-status] [37252] Resolved module firebase-admin {\"declared\":true,\"installed\":true,\"version\":\"9.5.0\",\"resolution\":\"c:\\\\Users\\\\33695\\\\Desktop\\\\PFAPP\\\\Boilerplate-ExpoFirebase\\\\functions\\\\node_modules\\\\firebase-admin\\\\lib\\\\index.js\"}"}}
[debug] [2021-03-01T18:03:23.682Z] [runtime-status] [37252] Resolved module firebase-functions {"declared":true,"installed":true,"version":"3.13.1","resolution":"c:\\Users\\33695\\Desktop\\PFAPP\\Boilerplate-ExpoFirebase\\functions\\node_modules\\firebase-functions\\lib\\index.js"} {"metadata":{"emulator":{"name":"functions"},"message":"[runtime-status] [37252] Resolved module firebase-functions {\"declared\":true,\"installed\":true,\"version\":\"3.13.1\",\"resolution\":\"c:\\\\Users\\\\33695\\\\Desktop\\\\PFAPP\\\\Boilerplate-ExpoFirebase\\\\functions\\\\node_modules\\\\firebase-functions\\\\lib\\\\index.js\"}"}}
[debug] [2021-03-01T18:03:23.682Z] [runtime-status] [37252] firebase-admin has been stubbed. {"adminResolution":{"declared":true,"installed":true,"version":"9.5.0","resolution":"c:\\Users\\33695\\Desktop\\PFAPP\\Boilerplate-ExpoFirebase\\functions\\node_modules\\firebase-admin\\lib\\index.js"}} {"metadata":{"emulator":{"name":"functions"},"message":"[runtime-status] [37252] firebase-admin has been stubbed. {\"adminResolution\":{\"declared\":true,\"installed\":true,\"version\":\"9.5.0\",\"resolution\":\"c:\\\\Users\\\\33695\\\\Desktop\\\\PFAPP\\\\Boilerplate-ExpoFirebase\\\\functions\\\\node_modules\\\\firebase-admin\\\\lib\\\\index.js\"}}"}}
[debug] [2021-03-01T18:03:23.694Z] [runtime-status] [37252] initializeApp(DEFAULT) {"storageBucket":"testprojet-332ec.appspot.com","databaseURL":"https://testprojet-332ec-default-rtdb.firebaseio.com","projectId":"testprojet-332ec"} {"metadata":{"emulator":{"name":"functions"},"message":"[runtime-status] [37252] initializeApp(DEFAULT) {\"storageBucket\":\"testprojet-332ec.appspot.com\",\"databaseURL\":\"https://testprojet-332ec-default-rtdb.firebaseio.com\",\"projectId\":\"testprojet-332ec\"}"}}
[info] +  functions[addAdminRole]: http function initialized (http://localhost:5001/testprojet-332ec/us-central1/addAdminRole). {"metadata":{"emulator":{"name":"functions"},"message":"\u001b[1mhttp\u001b[22m function initialized (http://localhost:5001/testprojet-332ec/us-central1/addAdminRole)."}}
[info] 
┌─────────────────────────────────────────────────────────────┐
│ ✔  All emulators ready! It is now safe to connect your app. │
│ i  View Emulator UI at http://localhost:4000                │
└─────────────────────────────────────────────────────────────┘

┌───────────┬────────────────┬─────────────────────────────────┐
│ Emulator  │ Host:Port      │ View in Emulator UI             │
├───────────┼────────────────┼─────────────────────────────────┤
│ Functions │ localhost:5001 │ http://localhost:4000/functions │
└───────────┴────────────────┴─────────────────────────────────┘
  Emulator Hub running at localhost:4400
  Other reserved ports: 4500

Issues? Report them at https://github.com/firebase/firebase-tools/issues and attach the *-debug.log files.
 
[debug] [2021-03-01T18:03:23.714Z] [worker-~diagnostic~-d51631d2-2b73-4e36-9029-4927aebb9989]: IDLE {"metadata":{"emulator":{"name":"functions"},"message":"[worker-~diagnostic~-d51631d2-2b73-4e36-9029-4927aebb9989]: IDLE"}}
[debug] [2021-03-01T18:03:40.629Z] Functions emulator received unknown request at path /
[debug] [2021-03-01T18:03:41.136Z] Functions emulator received unknown request at path /favicon.ico
[debug] [2021-03-01T18:04:15.234Z] Functions emulator received unknown request at path /Boilerplate-ExpoFirebase/us-central1/helloWorld
[debug] [2021-03-01T18:06:09.636Z] File c:\Users\33695\Desktop\PFAPP\Boilerplate-ExpoFirebase\functions\index.js changed, reloading triggers {"metadata":{"emulator":{"name":"functions"},"message":"File c:\\Users\\33695\\Desktop\\PFAPP\\Boilerplate-ExpoFirebase\\functions\\index.js changed, reloading triggers"}}
[debug] [2021-03-01T18:06:10.642Z] [worker-pool] Shutting down IDLE worker (~diagnostic~) {"metadata":{"emulator":{"name":"functions"},"message":"[worker-pool] Shutting down IDLE worker (~diagnostic~)"}}
[debug] [2021-03-01T18:06:10.642Z] [worker-~diagnostic~-d51631d2-2b73-4e36-9029-4927aebb9989]: FINISHING {"metadata":{"emulator":{"name":"functions"},"message":"[worker-~diagnostic~-d51631d2-2b73-4e36-9029-4927aebb9989]: FINISHING"}}
[debug] [2021-03-01T18:06:10.662Z] [worker-pool] addWorker(~diagnostic~) {"metadata":{"emulator":{"name":"functions"},"message":"[worker-pool] addWorker(~diagnostic~)"}}
[debug] [2021-03-01T18:06:10.662Z] [worker-pool] Adding worker with key ~diagnostic~, total=2 {"metadata":{"emulator":{"name":"functions"},"message":"[worker-pool] Adding worker with key ~diagnostic~, total=2"}}
[debug] [2021-03-01T18:06:10.662Z] [worker-pool] submitWork(triggerId=) {"metadata":{"emulator":{"name":"functions"},"message":"[worker-pool] submitWork(triggerId=)"}}
[debug] [2021-03-01T18:06:10.666Z] [worker-~diagnostic~-86bf1de2-581e-41ef-b083-3eb8eb824c76]: Assigning socketPath: \\?\pipe\c:\Users\33695\Desktop\PFAPP\Boilerplate-ExpoFirebase\functions\51460 {"metadata":{"emulator":{"name":"functions"},"message":"[worker-~diagnostic~-86bf1de2-581e-41ef-b083-3eb8eb824c76]: Assigning socketPath: \\\\?\\pipe\\c:\\Users\\33695\\Desktop\\PFAPP\\Boilerplate-ExpoFirebase\\functions\\51460"}}
[debug] [2021-03-01T18:06:10.666Z] [worker-~diagnostic~-86bf1de2-581e-41ef-b083-3eb8eb824c76]: BUSY {"metadata":{"emulator":{"name":"functions"},"message":"[worker-~diagnostic~-86bf1de2-581e-41ef-b083-3eb8eb824c76]: BUSY"}}
[debug] [2021-03-01T18:06:10.666Z] [worker-~diagnostic~-d51631d2-2b73-4e36-9029-4927aebb9989]: exited {"metadata":{"emulator":{"name":"functions"},"message":"[worker-~diagnostic~-d51631d2-2b73-4e36-9029-4927aebb9989]: exited"}}
[debug] [2021-03-01T18:06:10.666Z] [worker-~diagnostic~-d51631d2-2b73-4e36-9029-4927aebb9989]: FINISHED {"metadata":{"emulator":{"name":"functions"},"message":"[worker-~diagnostic~-d51631d2-2b73-4e36-9029-4927aebb9989]: FINISHED"}}
[debug] [2021-03-01T18:06:11.552Z] [runtime-status] [51460] Functions runtime initialized. {"cwd":"c:\\Users\\33695\\Desktop\\PFAPP\\Boilerplate-ExpoFirebase\\functions","node_version":"10.16.0"} {"metadata":{"emulator":{"name":"functions"},"message":"[runtime-status] [51460] Functions runtime initialized. {\"cwd\":\"c:\\\\Users\\\\33695\\\\Desktop\\\\PFAPP\\\\Boilerplate-ExpoFirebase\\\\functions\",\"node_version\":\"10.16.0\"}"}}
[debug] [2021-03-01T18:06:11.560Z] [runtime-status] [51460] Disabled runtime features: undefined {"metadata":{"emulator":{"name":"functions"},"message":"[runtime-status] [51460] Disabled runtime features: undefined"}}
[debug] [2021-03-01T18:06:11.572Z] [runtime-status] [51460] Resolved module firebase-admin {"declared":true,"installed":true,"version":"9.5.0","resolution":"c:\\Users\\33695\\Desktop\\PFAPP\\Boilerplate-ExpoFirebase\\functions\\node_modules\\firebase-admin\\lib\\index.js"} {"metadata":{"emulator":{"name":"functions"},"message":"[runtime-status] [51460] Resolved module firebase-admin {\"declared\":true,\"installed\":true,\"version\":\"9.5.0\",\"resolution\":\"c:\\\\Users\\\\33695\\\\Desktop\\\\PFAPP\\\\Boilerplate-ExpoFirebase\\\\functions\\\\node_modules\\\\firebase-admin\\\\lib\\\\index.js\"}"}}
[debug] [2021-03-01T18:06:11.576Z] [runtime-status] [51460] Resolved module firebase-functions {"declared":true,"installed":true,"version":"3.13.1","resolution":"c:\\Users\\33695\\Desktop\\PFAPP\\Boilerplate-ExpoFirebase\\functions\\node_modules\\firebase-functions\\lib\\index.js"} {"metadata":{"emulator":{"name":"functions"},"message":"[runtime-status] [51460] Resolved module firebase-functions {\"declared\":true,\"installed\":true,\"version\":\"3.13.1\",\"resolution\":\"c:\\\\Users\\\\33695\\\\Desktop\\\\PFAPP\\\\Boilerplate-ExpoFirebase\\\\functions\\\\node_modules\\\\firebase-functions\\\\lib\\\\index.js\"}"}}
[debug] [2021-03-01T18:06:11.580Z] [runtime-status] [51460] Resolved module firebase-functions {"declared":true,"installed":true,"version":"3.13.1","resolution":"c:\\Users\\33695\\Desktop\\PFAPP\\Boilerplate-ExpoFirebase\\functions\\node_modules\\firebase-functions\\lib\\index.js"} {"metadata":{"emulator":{"name":"functions"},"message":"[runtime-status] [51460] Resolved module firebase-functions {\"declared\":true,\"installed\":true,\"version\":\"3.13.1\",\"resolution\":\"c:\\\\Users\\\\33695\\\\Desktop\\\\PFAPP\\\\Boilerplate-ExpoFirebase\\\\functions\\\\node_modules\\\\firebase-functions\\\\lib\\\\index.js\"}"}}
[debug] [2021-03-01T18:06:11.592Z] [runtime-status] [51460] Outgoing network have been stubbed. [{"name":"http","status":"mocked"},{"name":"http","status":"mocked"},{"name":"https","status":"mocked"},{"name":"https","status":"mocked"},{"name":"net","status":"mocked"}] {"metadata":{"emulator":{"name":"functions"},"message":"[runtime-status] [51460] Outgoing network have been stubbed. [{\"name\":\"http\",\"status\":\"mocked\"},{\"name\":\"http\",\"status\":\"mocked\"},{\"name\":\"https\",\"status\":\"mocked\"},{\"name\":\"https\",\"status\":\"mocked\"},{\"name\":\"net\",\"status\":\"mocked\"}]"}}
[debug] [2021-03-01T18:06:11.592Z] [runtime-status] [51460] Resolved module firebase-functions {"declared":true,"installed":true,"version":"3.13.1","resolution":"c:\\Users\\33695\\Desktop\\PFAPP\\Boilerplate-ExpoFirebase\\functions\\node_modules\\firebase-functions\\lib\\index.js"} {"metadata":{"emulator":{"name":"functions"},"message":"[runtime-status] [51460] Resolved module firebase-functions {\"declared\":true,\"installed\":true,\"version\":\"3.13.1\",\"resolution\":\"c:\\\\Users\\\\33695\\\\Desktop\\\\PFAPP\\\\Boilerplate-ExpoFirebase\\\\functions\\\\node_modules\\\\firebase-functions\\\\lib\\\\index.js\"}"}}
[debug] [2021-03-01T18:06:11.744Z] [runtime-status] [51460] Checked functions.config() {"config":{}} {"metadata":{"emulator":{"name":"functions"},"message":"[runtime-status] [51460] Checked functions.config() {\"config\":{}}"}}
[debug] [2021-03-01T18:06:11.744Z] [runtime-status] [51460] firebase-functions has been stubbed. {"functionsResolution":{"declared":true,"installed":true,"version":"3.13.1","resolution":"c:\\Users\\33695\\Desktop\\PFAPP\\Boilerplate-ExpoFirebase\\functions\\node_modules\\firebase-functions\\lib\\index.js"}} {"metadata":{"emulator":{"name":"functions"},"message":"[runtime-status] [51460] firebase-functions has been stubbed. {\"functionsResolution\":{\"declared\":true,\"installed\":true,\"version\":\"3.13.1\",\"resolution\":\"c:\\\\Users\\\\33695\\\\Desktop\\\\PFAPP\\\\Boilerplate-ExpoFirebase\\\\functions\\\\node_modules\\\\firebase-functions\\\\lib\\\\index.js\"}}"}}
[debug] [2021-03-01T18:06:11.748Z] [runtime-status] [51460] Resolved module firebase-functions {"declared":true,"installed":true,"version":"3.13.1","resolution":"c:\\Users\\33695\\Desktop\\PFAPP\\Boilerplate-ExpoFirebase\\functions\\node_modules\\firebase-functions\\lib\\index.js"} {"metadata":{"emulator":{"name":"functions"},"message":"[runtime-status] [51460] Resolved module firebase-functions {\"declared\":true,\"installed\":true,\"version\":\"3.13.1\",\"resolution\":\"c:\\\\Users\\\\33695\\\\Desktop\\\\PFAPP\\\\Boilerplate-ExpoFirebase\\\\functions\\\\node_modules\\\\firebase-functions\\\\lib\\\\index.js\"}"}}
[debug] [2021-03-01T18:06:11.756Z] [runtime-status] [51460] Resolved module firebase-admin {"declared":true,"installed":true,"version":"9.5.0","resolution":"c:\\Users\\33695\\Desktop\\PFAPP\\Boilerplate-ExpoFirebase\\functions\\node_modules\\firebase-admin\\lib\\index.js"} {"metadata":{"emulator":{"name":"functions"},"message":"[runtime-status] [51460] Resolved module firebase-admin {\"declared\":true,\"installed\":true,\"version\":\"9.5.0\",\"resolution\":\"c:\\\\Users\\\\33695\\\\Desktop\\\\PFAPP\\\\Boilerplate-ExpoFirebase\\\\functions\\\\node_modules\\\\firebase-admin\\\\lib\\\\index.js\"}"}}
[debug] [2021-03-01T18:06:11.756Z] [runtime-status] [51460] Resolved module firebase-functions {"declared":true,"installed":true,"version":"3.13.1","resolution":"c:\\Users\\33695\\Desktop\\PFAPP\\Boilerplate-ExpoFirebase\\functions\\node_modules\\firebase-functions\\lib\\index.js"} {"metadata":{"emulator":{"name":"functions"},"message":"[runtime-status] [51460] Resolved module firebase-functions {\"declared\":true,\"installed\":true,\"version\":\"3.13.1\",\"resolution\":\"c:\\\\Users\\\\33695\\\\Desktop\\\\PFAPP\\\\Boilerplate-ExpoFirebase\\\\functions\\\\node_modules\\\\firebase-functions\\\\lib\\\\index.js\"}"}}
[debug] [2021-03-01T18:06:11.760Z] [runtime-status] [51460] firebase-admin has been stubbed. {"adminResolution":{"declared":true,"installed":true,"version":"9.5.0","resolution":"c:\\Users\\33695\\Desktop\\PFAPP\\Boilerplate-ExpoFirebase\\functions\\node_modules\\firebase-admin\\lib\\index.js"}} {"metadata":{"emulator":{"name":"functions"},"message":"[runtime-status] [51460] firebase-admin has been stubbed. {\"adminResolution\":{\"declared\":true,\"installed\":true,\"version\":\"9.5.0\",\"resolution\":\"c:\\\\Users\\\\33695\\\\Desktop\\\\PFAPP\\\\Boilerplate-ExpoFirebase\\\\functions\\\\node_modules\\\\firebase-admin\\\\lib\\\\index.js\"}}"}}
[debug] [2021-03-01T18:06:11.780Z] [runtime-status] [51460] initializeApp(DEFAULT) {"storageBucket":"testprojet-332ec.appspot.com","databaseURL":"https://testprojet-332ec-default-rtdb.firebaseio.com","projectId":"testprojet-332ec"} {"metadata":{"emulator":{"name":"functions"},"message":"[runtime-status] [51460] initializeApp(DEFAULT) {\"storageBucket\":\"testprojet-332ec.appspot.com\",\"databaseURL\":\"https://testprojet-332ec-default-rtdb.firebaseio.com\",\"projectId\":\"testprojet-332ec\"}"}}
[info] +  functions[helloWorld]: http function initialized (http://localhost:5001/testprojet-332ec/us-central1/helloWorld). {"metadata":{"emulator":{"name":"functions"},"message":"\u001b[1mhttp\u001b[22m function initialized (http://localhost:5001/testprojet-332ec/us-central1/helloWorld)."}}
[debug] [2021-03-01T18:06:11.796Z] [worker-~diagnostic~-86bf1de2-581e-41ef-b083-3eb8eb824c76]: IDLE {"metadata":{"emulator":{"name":"functions"},"message":"[worker-~diagnostic~-86bf1de2-581e-41ef-b083-3eb8eb824c76]: IDLE"}}
[debug] [2021-03-02T16:36:17.013Z] Functions emulator received unknown request at path /Boilerplate-ExpoFirebase/us-central1/helloWorld
